Compiling the C compiler identification source file "CMakeCCompilerId.c" failed.
Compiler: /usr/bin/arm-none-eabi-gcc 
Build flags: 
Id flags:  

The output was:
1
/usr/lib/gcc/arm-none-eabi/7.3.1/../../../arm-none-eabi/bin/ld: /usr/lib/gcc/arm-none-eabi/7.3.1/../../../arm-none-eabi/lib/libc.a(lib_a-exit.o): in function `exit':
/tmp/building/package/build/arm-none-eabi/newlib/libc/stdlib/../../../../../newlib/libc/stdlib/exit.c:64: undefined reference to `_exit'
collect2: error: ld returned 1 exit status


Detecting C compiler ABI info failed to compile with the following output:
Change Dir: /home/pi/candleLight_fw/build/CMakeFiles/CMakeTmp

Run Build Command(s):/usr/bin/make cmTC_43c6d/fast && /usr/bin/make -f CMakeFiles/cmTC_43c6d.dir/build.make CMakeFiles/cmTC_43c6d.dir/build
make[1]: Entering directory '/home/pi/candleLight_fw/build/CMakeFiles/CMakeTmp'
Building C object CMakeFiles/cmTC_43c6d.dir/CMakeCCompilerABI.c.obj
/usr/bin/arm-none-eabi-gcc   -v -o CMakeFiles/cmTC_43c6d.dir/CMakeCCompilerABI.c.obj   -c /usr/share/cmake-3.16/Modules/CMakeCCompilerABI.c
Using built-in specs.
COLLECT_GCC=/usr/bin/arm-none-eabi-gcc
Target: arm-none-eabi
Configured with: ../configure --build=arm-linux-gnueabihf --prefix=/usr --includedir='/usr/lib/include' --mandir='/usr/lib/share/man' --infodir='/usr/lib/share/info' --sysconfdir=/etc --localstatedir=/var --disable-silent-rules --libdir='/usr/lib/lib/arm-linux-gnueabihf' --libexecdir='/usr/lib/lib/arm-linux-gnueabihf' --disable-maintainer-mode --disable-dependency-tracking --mandir=/usr/share/man --enable-languages=c,c++,lto --enable-multilib --disable-decimal-float --disable-libffi --disable-libgomp --disable-libmudflap --disable-libquadmath --disable-libssp --disable-libstdcxx-pch --disable-nls --disable-shared --disable-threads --disable-tls --build=arm-linux-gnueabihf --target=arm-none-eabi --with-system-zlib --with-gnu-as --with-gnu-ld --with-pkgversion=15:7-2018-q2-6 --without-included-gettext --prefix=/usr/lib --infodir=/usr/share/doc/gcc-arm-none-eabi/info --htmldir=/usr/share/doc/gcc-arm-none-eabi/html --pdfdir=/usr/share/doc/gcc-arm-none-eabi/pdf --bindir=/usr/bin --libexecdir=/usr/lib --libdir=/usr/lib --disable-libstdc++-v3 --host=arm-linux-gnueabihf --with-headers=no --without-newlib --with-multilib-list=rmprofile CFLAGS='-g -O2 -fdebug-prefix-map=/build/gcc-arm-none-eabi-glcAvX/gcc-arm-none-eabi-7-2018-q2=. -fstack-protector-strong' CPPFLAGS='-Wdate-time -D_FORTIFY_SOURCE=2' CXXFLAGS='-g -O2 -fdebug-prefix-map=/build/gcc-arm-none-eabi-glcAvX/gcc-arm-none-eabi-7-2018-q2=. -fstack-protector-strong' FCFLAGS='-g -O2 -fdebug-prefix-map=/build/gcc-arm-none-eabi-glcAvX/gcc-arm-none-eabi-7-2018-q2=. -fstack-protector-strong' FFLAGS='-g -O2 -fdebug-prefix-map=/build/gcc-arm-none-eabi-glcAvX/gcc-arm-none-eabi-7-2018-q2=. -fstack-protector-strong' GCJFLAGS='-g -O2 -fdebug-prefix-map=/build/gcc-arm-none-eabi-glcAvX/gcc-arm-none-eabi-7-2018-q2=. -fstack-protector-strong' LDFLAGS=-Wl,-z,relro OBJCFLAGS='-g -O2 -fdebug-prefix-map=/build/gcc-arm-none-eabi-glcAvX/gcc-arm-none-eabi-7-2018-q2=. -fstack-protector-strong' OBJCXXFLAGS='-g -O2 -fdebug-prefix-map=/build/gcc-arm-none-eabi-glcAvX/gcc-arm-none-eabi-7-2018-q2=. -fstack-protector-strong' INHIBIT_LIBC_CFLAGS=-DUSE_TM_CLONE_REGISTRY=0 AR_FOR_TARGET=arm-none-eabi-ar AS_FOR_TARGET=arm-none-eabi-as LD_FOR_TARGET=arm-none-eabi-ld NM_FOR_TARGET=arm-none-eabi-nm OBJDUMP_FOR_TARGET=arm-none-eabi-objdump RANLIB_FOR_TARGET=arm-none-eabi-ranlib READELF_FOR_TARGET=arm-none-eabi-readelf STRIP_FOR_TARGET=arm-none-eabi-strip
Thread model: single
gcc version 7.3.1 20180622 (release) [ARM/embedded-7-branch revision 261907] (15:7-2018-q2-6) 
COLLECT_GCC_OPTIONS='-v' '-o' 'CMakeFiles/cmTC_43c6d.dir/CMakeCCompilerABI.c.obj' '-c'
 /usr/lib/gcc/arm-none-eabi/7.3.1/cc1 -quiet -v -D__USES_INITFINI__ /usr/share/cmake-3.16/Modules/CMakeCCompilerABI.c -quiet -dumpbase CMakeCCompilerABI.c -auxbase-strip CMakeFiles/cmTC_43c6d.dir/CMakeCCompilerABI.c.obj -version -o /tmp/ccJJySWz.s
GNU C11 (15:7-2018-q2-6) version 7.3.1 20180622 (release) [ARM/embedded-7-branch revision 261907] (arm-none-eabi)
	compiled by GNU C version 8.2.0, GMP version 6.1.2, MPFR version 4.0.2, MPC version 1.1.0, isl version none
GGC heuristics: --param ggc-min-expand=100 --param ggc-min-heapsize=131072
ignoring nonexistent directory "/usr/lib/gcc/arm-none-eabi/7.3.1/../../../arm-none-eabi/sys-include"
#include "..." search starts here:
#include <...> search starts here:
 /usr/lib/gcc/arm-none-eabi/7.3.1/include
 /usr/lib/gcc/arm-none-eabi/7.3.1/include-fixed
 /usr/lib/gcc/arm-none-eabi/7.3.1/../../../arm-none-eabi/include
End of search list.
GNU C11 (15:7-2018-q2-6) version 7.3.1 20180622 (release) [ARM/embedded-7-branch revision 261907] (arm-none-eabi)
	compiled by GNU C version 8.2.0, GMP version 6.1.2, MPFR version 4.0.2, MPC version 1.1.0, isl version none
GGC heuristics: --param ggc-min-expand=100 --param ggc-min-heapsize=131072
Compiler executable checksum: b9329478d46cc4957dffcbebb5908ed5
COLLECT_GCC_OPTIONS='-v' '-o' 'CMakeFiles/cmTC_43c6d.dir/CMakeCCompilerABI.c.obj' '-c'
 /usr/lib/gcc/arm-none-eabi/7.3.1/../../../arm-none-eabi/bin/as -v -meabi=5 -o CMakeFiles/cmTC_43c6d.dir/CMakeCCompilerABI.c.obj /tmp/ccJJySWz.s
GNU assembler version 2.31.1 (arm-none-eabi) using BFD version (2.31.1-11+rpi1+11) 2.31.1
COMPILER_PATH=/usr/lib/gcc/arm-none-eabi/7.3.1/:/usr/lib/gcc/arm-none-eabi/7.3.1/:/usr/lib/gcc/arm-none-eabi/:/usr/lib/gcc/arm-none-eabi/7.3.1/:/usr/lib/gcc/arm-none-eabi/:/usr/lib/gcc/arm-none-eabi/7.3.1/../../../arm-none-eabi/bin/
LIBRARY_PATH=/usr/lib/gcc/arm-none-eabi/7.3.1/:/usr/lib/gcc/arm-none-eabi/7.3.1/../../../arm-none-eabi/lib/
COLLECT_GCC_OPTIONS='-v' '-o' 'CMakeFiles/cmTC_43c6d.dir/CMakeCCompilerABI.c.obj' '-c'
Linking C executable cmTC_43c6d
/usr/bin/cmake -E cmake_link_script CMakeFiles/cmTC_43c6d.dir/link.txt --verbose=1
/usr/bin/arm-none-eabi-gcc     -v CMakeFiles/cmTC_43c6d.dir/CMakeCCompilerABI.c.obj  -o cmTC_43c6d 
Using built-in specs.
COLLECT_GCC=/usr/bin/arm-none-eabi-gcc
COLLECT_LTO_WRAPPER=/usr/lib/gcc/arm-none-eabi/7.3.1/lto-wrapper
Target: arm-none-eabi
Configured with: ../configure --build=arm-linux-gnueabihf --prefix=/usr --includedir='/usr/lib/include' --mandir='/usr/lib/share/man' --infodir='/usr/lib/share/info' --sysconfdir=/etc --localstatedir=/var --disable-silent-rules --libdir='/usr/lib/lib/arm-linux-gnueabihf' --libexecdir='/usr/lib/lib/arm-linux-gnueabihf' --disable-maintainer-mode --disable-dependency-tracking --mandir=/usr/share/man --enable-languages=c,c++,lto --enable-multilib --disable-decimal-float --disable-libffi --disable-libgomp --disable-libmudflap --disable-libquadmath --disable-libssp --disable-libstdcxx-pch --disable-nls --disable-shared --disable-threads --disable-tls --build=arm-linux-gnueabihf --target=arm-none-eabi --with-system-zlib --with-gnu-as --with-gnu-ld --with-pkgversion=15:7-2018-q2-6 --without-included-gettext --prefix=/usr/lib --infodir=/usr/share/doc/gcc-arm-none-eabi/info --htmldir=/usr/share/doc/gcc-arm-none-eabi/html --pdfdir=/usr/share/doc/gcc-arm-none-eabi/pdf --bindir=/usr/bin --libexecdir=/usr/lib --libdir=/usr/lib --disable-libstdc++-v3 --host=arm-linux-gnueabihf --with-headers=no --without-newlib --with-multilib-list=rmprofile CFLAGS='-g -O2 -fdebug-prefix-map=/build/gcc-arm-none-eabi-glcAvX/gcc-arm-none-eabi-7-2018-q2=. -fstack-protector-strong' CPPFLAGS='-Wdate-time -D_FORTIFY_SOURCE=2' CXXFLAGS='-g -O2 -fdebug-prefix-map=/build/gcc-arm-none-eabi-glcAvX/gcc-arm-none-eabi-7-2018-q2=. -fstack-protector-strong' FCFLAGS='-g -O2 -fdebug-prefix-map=/build/gcc-arm-none-eabi-glcAvX/gcc-arm-none-eabi-7-2018-q2=. -fstack-protector-strong' FFLAGS='-g -O2 -fdebug-prefix-map=/build/gcc-arm-none-eabi-glcAvX/gcc-arm-none-eabi-7-2018-q2=. -fstack-protector-strong' GCJFLAGS='-g -O2 -fdebug-prefix-map=/build/gcc-arm-none-eabi-glcAvX/gcc-arm-none-eabi-7-2018-q2=. -fstack-protector-strong' LDFLAGS=-Wl,-z,relro OBJCFLAGS='-g -O2 -fdebug-prefix-map=/build/gcc-arm-none-eabi-glcAvX/gcc-arm-none-eabi-7-2018-q2=. -fstack-protector-strong' OBJCXXFLAGS='-g -O2 -fdebug-prefix-map=/build/gcc-arm-none-eabi-glcAvX/gcc-arm-none-eabi-7-2018-q2=. -fstack-protector-strong' INHIBIT_LIBC_CFLAGS=-DUSE_TM_CLONE_REGISTRY=0 AR_FOR_TARGET=arm-none-eabi-ar AS_FOR_TARGET=arm-none-eabi-as LD_FOR_TARGET=arm-none-eabi-ld NM_FOR_TARGET=arm-none-eabi-nm OBJDUMP_FOR_TARGET=arm-none-eabi-objdump RANLIB_FOR_TARGET=arm-none-eabi-ranlib READELF_FOR_TARGET=arm-none-eabi-readelf STRIP_FOR_TARGET=arm-none-eabi-strip
Thread model: single
gcc version 7.3.1 20180622 (release) [ARM/embedded-7-branch revision 261907] (15:7-2018-q2-6) 
COMPILER_PATH=/usr/lib/gcc/arm-none-eabi/7.3.1/:/usr/lib/gcc/arm-none-eabi/7.3.1/:/usr/lib/gcc/arm-none-eabi/:/usr/lib/gcc/arm-none-eabi/7.3.1/:/usr/lib/gcc/arm-none-eabi/:/usr/lib/gcc/arm-none-eabi/7.3.1/../../../arm-none-eabi/bin/
LIBRARY_PATH=/usr/lib/gcc/arm-none-eabi/7.3.1/:/usr/lib/gcc/arm-none-eabi/7.3.1/../../../arm-none-eabi/lib/
COLLECT_GCC_OPTIONS='-v' '-o' 'cmTC_43c6d'
 /usr/lib/gcc/arm-none-eabi/7.3.1/collect2 -plugin /usr/lib/gcc/arm-none-eabi/7.3.1/liblto_plugin.so -plugin-opt=/usr/lib/gcc/arm-none-eabi/7.3.1/lto-wrapper -plugin-opt=-fresolution=/tmp/ccHlzz3J.res -plugin-opt=-pass-through=-lgcc -plugin-opt=-pass-through=-lc -X -o cmTC_43c6d /usr/lib/gcc/arm-none-eabi/7.3.1/crti.o /usr/lib/gcc/arm-none-eabi/7.3.1/crtbegin.o /usr/lib/gcc/arm-none-eabi/7.3.1/../../../arm-none-eabi/lib/crt0.o -L/usr/lib/gcc/arm-none-eabi/7.3.1 -L/usr/lib/gcc/arm-none-eabi/7.3.1/../../../arm-none-eabi/lib CMakeFiles/cmTC_43c6d.dir/CMakeCCompilerABI.c.obj --start-group -lgcc -lc --end-group /usr/lib/gcc/arm-none-eabi/7.3.1/crtend.o /usr/lib/gcc/arm-none-eabi/7.3.1/crtn.o
/usr/lib/gcc/arm-none-eabi/7.3.1/../../../arm-none-eabi/bin/ld: /usr/lib/gcc/arm-none-eabi/7.3.1/../../../arm-none-eabi/lib/libc.a(lib_a-exit.o): in function `exit':
/tmp/building/package/build/arm-none-eabi/newlib/libc/stdlib/../../../../../newlib/libc/stdlib/exit.c:64: undefined reference to `_exit'
collect2: error: ld returned 1 exit status
make[1]: *** [CMakeFiles/cmTC_43c6d.dir/build.make:87: cmTC_43c6d] Error 1
make[1]: Leaving directory '/home/pi/candleLight_fw/build/CMakeFiles/CMakeTmp'
make: *** [Makefile:121: cmTC_43c6d/fast] Error 2




Compiling the CXX compiler identification source file "CMakeCXXCompilerId.cpp" failed.
Compiler: /usr/bin/arm-none-eabi-g++ 
Build flags: 
Id flags:  

The output was:
1
/usr/lib/gcc/arm-none-eabi/7.3.1/../../../arm-none-eabi/bin/ld: /usr/lib/gcc/arm-none-eabi/7.3.1/../../../arm-none-eabi/lib/libc.a(lib_a-exit.o): in function `exit':
/tmp/building/package/build/arm-none-eabi/newlib/libc/stdlib/../../../../../newlib/libc/stdlib/exit.c:64: undefined reference to `_exit'
collect2: error: ld returned 1 exit status


Detecting CXX compiler ABI info failed to compile with the following output:
Change Dir: /home/pi/candleLight_fw/build/CMakeFiles/CMakeTmp

Run Build Command(s):/usr/bin/make cmTC_7560e/fast && /usr/bin/make -f CMakeFiles/cmTC_7560e.dir/build.make CMakeFiles/cmTC_7560e.dir/build
make[1]: Entering directory '/home/pi/candleLight_fw/build/CMakeFiles/CMakeTmp'
Building CXX object CMakeFiles/cmTC_7560e.dir/CMakeCXXCompilerABI.cpp.obj
/usr/bin/arm-none-eabi-g++    -v -o CMakeFiles/cmTC_7560e.dir/CMakeCXXCompilerABI.cpp.obj -c /usr/share/cmake-3.16/Modules/CMakeCXXCompilerABI.cpp
Using built-in specs.
COLLECT_GCC=/usr/bin/arm-none-eabi-g++
Target: arm-none-eabi
Configured with: ../configure --build=arm-linux-gnueabihf --prefix=/usr --includedir='/usr/lib/include' --mandir='/usr/lib/share/man' --infodir='/usr/lib/share/info' --sysconfdir=/etc --localstatedir=/var --disable-silent-rules --libdir='/usr/lib/lib/arm-linux-gnueabihf' --libexecdir='/usr/lib/lib/arm-linux-gnueabihf' --disable-maintainer-mode --disable-dependency-tracking --mandir=/usr/share/man --enable-languages=c,c++,lto --enable-multilib --disable-decimal-float --disable-libffi --disable-libgomp --disable-libmudflap --disable-libquadmath --disable-libssp --disable-libstdcxx-pch --disable-nls --disable-shared --disable-threads --disable-tls --build=arm-linux-gnueabihf --target=arm-none-eabi --with-system-zlib --with-gnu-as --with-gnu-ld --with-pkgversion=15:7-2018-q2-6 --without-included-gettext --prefix=/usr/lib --infodir=/usr/share/doc/gcc-arm-none-eabi/info --htmldir=/usr/share/doc/gcc-arm-none-eabi/html --pdfdir=/usr/share/doc/gcc-arm-none-eabi/pdf --bindir=/usr/bin --libexecdir=/usr/lib --libdir=/usr/lib --disable-libstdc++-v3 --host=arm-linux-gnueabihf --with-headers=no --without-newlib --with-multilib-list=rmprofile CFLAGS='-g -O2 -fdebug-prefix-map=/build/gcc-arm-none-eabi-glcAvX/gcc-arm-none-eabi-7-2018-q2=. -fstack-protector-strong' CPPFLAGS='-Wdate-time -D_FORTIFY_SOURCE=2' CXXFLAGS='-g -O2 -fdebug-prefix-map=/build/gcc-arm-none-eabi-glcAvX/gcc-arm-none-eabi-7-2018-q2=. -fstack-protector-strong' FCFLAGS='-g -O2 -fdebug-prefix-map=/build/gcc-arm-none-eabi-glcAvX/gcc-arm-none-eabi-7-2018-q2=. -fstack-protector-strong' FFLAGS='-g -O2 -fdebug-prefix-map=/build/gcc-arm-none-eabi-glcAvX/gcc-arm-none-eabi-7-2018-q2=. -fstack-protector-strong' GCJFLAGS='-g -O2 -fdebug-prefix-map=/build/gcc-arm-none-eabi-glcAvX/gcc-arm-none-eabi-7-2018-q2=. -fstack-protector-strong' LDFLAGS=-Wl,-z,relro OBJCFLAGS='-g -O2 -fdebug-prefix-map=/build/gcc-arm-none-eabi-glcAvX/gcc-arm-none-eabi-7-2018-q2=. -fstack-protector-strong' OBJCXXFLAGS='-g -O2 -fdebug-prefix-map=/build/gcc-arm-none-eabi-glcAvX/gcc-arm-none-eabi-7-2018-q2=. -fstack-protector-strong' INHIBIT_LIBC_CFLAGS=-DUSE_TM_CLONE_REGISTRY=0 AR_FOR_TARGET=arm-none-eabi-ar AS_FOR_TARGET=arm-none-eabi-as LD_FOR_TARGET=arm-none-eabi-ld NM_FOR_TARGET=arm-none-eabi-nm OBJDUMP_FOR_TARGET=arm-none-eabi-objdump RANLIB_FOR_TARGET=arm-none-eabi-ranlib READELF_FOR_TARGET=arm-none-eabi-readelf STRIP_FOR_TARGET=arm-none-eabi-strip
Thread model: single
gcc version 7.3.1 20180622 (release) [ARM/embedded-7-branch revision 261907] (15:7-2018-q2-6) 
COLLECT_GCC_OPTIONS='-v' '-o' 'CMakeFiles/cmTC_7560e.dir/CMakeCXXCompilerABI.cpp.obj' '-c'
 /usr/lib/gcc/arm-none-eabi/7.3.1/cc1plus -quiet -v -D__USES_INITFINI__ /usr/share/cmake-3.16/Modules/CMakeCXXCompilerABI.cpp -quiet -dumpbase CMakeCXXCompilerABI.cpp -auxbase-strip CMakeFiles/cmTC_7560e.dir/CMakeCXXCompilerABI.cpp.obj -version -o /tmp/ccoGE6Dk.s
GNU C++14 (15:7-2018-q2-6) version 7.3.1 20180622 (release) [ARM/embedded-7-branch revision 261907] (arm-none-eabi)
	compiled by GNU C version 8.2.0, GMP version 6.1.2, MPFR version 4.0.2, MPC version 1.1.0, isl version none
GGC heuristics: --param ggc-min-expand=100 --param ggc-min-heapsize=131072
ignoring nonexistent directory "/usr/lib/gcc/arm-none-eabi/7.3.1/../../../arm-none-eabi/sys-include"
#include "..." search starts here:
#include <...> search starts here:
 /usr/lib/gcc/arm-none-eabi/7.3.1/../../../arm-none-eabi/include/c++/7.3.1
 /usr/lib/gcc/arm-none-eabi/7.3.1/../../../arm-none-eabi/include/c++/7.3.1/arm-none-eabi
 /usr/lib/gcc/arm-none-eabi/7.3.1/../../../arm-none-eabi/include/c++/7.3.1/backward
 /usr/lib/gcc/arm-none-eabi/7.3.1/include
 /usr/lib/gcc/arm-none-eabi/7.3.1/include-fixed
 /usr/lib/gcc/arm-none-eabi/7.3.1/../../../arm-none-eabi/include
End of search list.
GNU C++14 (15:7-2018-q2-6) version 7.3.1 20180622 (release) [ARM/embedded-7-branch revision 261907] (arm-none-eabi)
	compiled by GNU C version 8.2.0, GMP version 6.1.2, MPFR version 4.0.2, MPC version 1.1.0, isl version none
GGC heuristics: --param ggc-min-expand=100 --param ggc-min-heapsize=131072
Compiler executable checksum: cdb3d4f9f25b62ed0141243beb4d16b7
COLLECT_GCC_OPTIONS='-v' '-o' 'CMakeFiles/cmTC_7560e.dir/CMakeCXXCompilerABI.cpp.obj' '-c'
 /usr/lib/gcc/arm-none-eabi/7.3.1/../../../arm-none-eabi/bin/as -v -meabi=5 -o CMakeFiles/cmTC_7560e.dir/CMakeCXXCompilerABI.cpp.obj /tmp/ccoGE6Dk.s
GNU assembler version 2.31.1 (arm-none-eabi) using BFD version (2.31.1-11+rpi1+11) 2.31.1
COMPILER_PATH=/usr/lib/gcc/arm-none-eabi/7.3.1/:/usr/lib/gcc/arm-none-eabi/7.3.1/:/usr/lib/gcc/arm-none-eabi/:/usr/lib/gcc/arm-none-eabi/7.3.1/:/usr/lib/gcc/arm-none-eabi/:/usr/lib/gcc/arm-none-eabi/7.3.1/../../../arm-none-eabi/bin/
LIBRARY_PATH=/usr/lib/gcc/arm-none-eabi/7.3.1/:/usr/lib/gcc/arm-none-eabi/7.3.1/../../../arm-none-eabi/lib/
COLLECT_GCC_OPTIONS='-v' '-o' 'CMakeFiles/cmTC_7560e.dir/CMakeCXXCompilerABI.cpp.obj' '-c'
Linking CXX executable cmTC_7560e
/usr/bin/cmake -E cmake_link_script CMakeFiles/cmTC_7560e.dir/link.txt --verbose=1
/usr/bin/arm-none-eabi-g++      -v CMakeFiles/cmTC_7560e.dir/CMakeCXXCompilerABI.cpp.obj  -o cmTC_7560e 
Using built-in specs.
COLLECT_GCC=/usr/bin/arm-none-eabi-g++
COLLECT_LTO_WRAPPER=/usr/lib/gcc/arm-none-eabi/7.3.1/lto-wrapper
Target: arm-none-eabi
Configured with: ../configure --build=arm-linux-gnueabihf --prefix=/usr --includedir='/usr/lib/include' --mandir='/usr/lib/share/man' --infodir='/usr/lib/share/info' --sysconfdir=/etc --localstatedir=/var --disable-silent-rules --libdir='/usr/lib/lib/arm-linux-gnueabihf' --libexecdir='/usr/lib/lib/arm-linux-gnueabihf' --disable-maintainer-mode --disable-dependency-tracking --mandir=/usr/share/man --enable-languages=c,c++,lto --enable-multilib --disable-decimal-float --disable-libffi --disable-libgomp --disable-libmudflap --disable-libquadmath --disable-libssp --disable-libstdcxx-pch --disable-nls --disable-shared --disable-threads --disable-tls --build=arm-linux-gnueabihf --target=arm-none-eabi --with-system-zlib --with-gnu-as --with-gnu-ld --with-pkgversion=15:7-2018-q2-6 --without-included-gettext --prefix=/usr/lib --infodir=/usr/share/doc/gcc-arm-none-eabi/info --htmldir=/usr/share/doc/gcc-arm-none-eabi/html --pdfdir=/usr/share/doc/gcc-arm-none-eabi/pdf --bindir=/usr/bin --libexecdir=/usr/lib --libdir=/usr/lib --disable-libstdc++-v3 --host=arm-linux-gnueabihf --with-headers=no --without-newlib --with-multilib-list=rmprofile CFLAGS='-g -O2 -fdebug-prefix-map=/build/gcc-arm-none-eabi-glcAvX/gcc-arm-none-eabi-7-2018-q2=. -fstack-protector-strong' CPPFLAGS='-Wdate-time -D_FORTIFY_SOURCE=2' CXXFLAGS='-g -O2 -fdebug-prefix-map=/build/gcc-arm-none-eabi-glcAvX/gcc-arm-none-eabi-7-2018-q2=. -fstack-protector-strong' FCFLAGS='-g -O2 -fdebug-prefix-map=/build/gcc-arm-none-eabi-glcAvX/gcc-arm-none-eabi-7-2018-q2=. -fstack-protector-strong' FFLAGS='-g -O2 -fdebug-prefix-map=/build/gcc-arm-none-eabi-glcAvX/gcc-arm-none-eabi-7-2018-q2=. -fstack-protector-strong' GCJFLAGS='-g -O2 -fdebug-prefix-map=/build/gcc-arm-none-eabi-glcAvX/gcc-arm-none-eabi-7-2018-q2=. -fstack-protector-strong' LDFLAGS=-Wl,-z,relro OBJCFLAGS='-g -O2 -fdebug-prefix-map=/build/gcc-arm-none-eabi-glcAvX/gcc-arm-none-eabi-7-2018-q2=. -fstack-protector-strong' OBJCXXFLAGS='-g -O2 -fdebug-prefix-map=/build/gcc-arm-none-eabi-glcAvX/gcc-arm-none-eabi-7-2018-q2=. -fstack-protector-strong' INHIBIT_LIBC_CFLAGS=-DUSE_TM_CLONE_REGISTRY=0 AR_FOR_TARGET=arm-none-eabi-ar AS_FOR_TARGET=arm-none-eabi-as LD_FOR_TARGET=arm-none-eabi-ld NM_FOR_TARGET=arm-none-eabi-nm OBJDUMP_FOR_TARGET=arm-none-eabi-objdump RANLIB_FOR_TARGET=arm-none-eabi-ranlib READELF_FOR_TARGET=arm-none-eabi-readelf STRIP_FOR_TARGET=arm-none-eabi-strip
Thread model: single
gcc version 7.3.1 20180622 (release) [ARM/embedded-7-branch revision 261907] (15:7-2018-q2-6) 
COMPILER_PATH=/usr/lib/gcc/arm-none-eabi/7.3.1/:/usr/lib/gcc/arm-none-eabi/7.3.1/:/usr/lib/gcc/arm-none-eabi/:/usr/lib/gcc/arm-none-eabi/7.3.1/:/usr/lib/gcc/arm-none-eabi/:/usr/lib/gcc/arm-none-eabi/7.3.1/../../../arm-none-eabi/bin/
LIBRARY_PATH=/usr/lib/gcc/arm-none-eabi/7.3.1/:/usr/lib/gcc/arm-none-eabi/7.3.1/../../../arm-none-eabi/lib/
COLLECT_GCC_OPTIONS='-v' '-o' 'cmTC_7560e'
 /usr/lib/gcc/arm-none-eabi/7.3.1/collect2 -plugin /usr/lib/gcc/arm-none-eabi/7.3.1/liblto_plugin.so -plugin-opt=/usr/lib/gcc/arm-none-eabi/7.3.1/lto-wrapper -plugin-opt=-fresolution=/tmp/cc73vJ3h.res -plugin-opt=-pass-through=-lgcc -plugin-opt=-pass-through=-lc -X -o cmTC_7560e /usr/lib/gcc/arm-none-eabi/7.3.1/crti.o /usr/lib/gcc/arm-none-eabi/7.3.1/crtbegin.o /usr/lib/gcc/arm-none-eabi/7.3.1/../../../arm-none-eabi/lib/crt0.o -L/usr/lib/gcc/arm-none-eabi/7.3.1 -L/usr/lib/gcc/arm-none-eabi/7.3.1/../../../arm-none-eabi/lib CMakeFiles/cmTC_7560e.dir/CMakeCXXCompilerABI.cpp.obj -lstdc++ -lm --start-group -lgcc -lc --end-group /usr/lib/gcc/arm-none-eabi/7.3.1/crtend.o /usr/lib/gcc/arm-none-eabi/7.3.1/crtn.o
/usr/lib/gcc/arm-none-eabi/7.3.1/../../../arm-none-eabi/bin/ld: /usr/lib/gcc/arm-none-eabi/7.3.1/../../../arm-none-eabi/lib/libc.a(lib_a-exit.o): in function `exit':
/tmp/building/package/build/arm-none-eabi/newlib/libc/stdlib/../../../../../newlib/libc/stdlib/exit.c:64: undefined reference to `_exit'
collect2: error: ld returned 1 exit status
make[1]: *** [CMakeFiles/cmTC_7560e.dir/build.make:87: cmTC_7560e] Error 1
make[1]: Leaving directory '/home/pi/candleLight_fw/build/CMakeFiles/CMakeTmp'
make: *** [Makefile:121: cmTC_7560e/fast] Error 2




