--------------------Moonraker Log Start--------------------
data_path: /home/pi/printer_data
is_default_data_path: False
config_file: /home/pi/klipper_config/moonraker.conf
startup_warnings: []
verbose: False
debug: False
asyncio_debug: False
is_backup_config: False
log_file: /home/pi/klipper_logs/moonraker.log
software_version: v0.7.1-773-g362bc1a
python_version: 3.7.3 (default, Jan 22 2021, 20:04:44)  [GCC 8.3.0]

#################### Moonraker Configuration ####################

[server]
host = 0.0.0.0
port = 7125
max_upload_size = 1024

[file_manager]
enable_object_processing = True

[authorization]
cors_domains = 
	https://my.mainsail.xyz
	http://my.mainsail.xyz
	http://*.local
	http://*.lan
trusted_clients = 
	10.0.0.0/8
	127.0.0.0/8
	169.254.0.0/16
	172.16.0.0/12
	192.168.0.0/16
	FE80::/10
	::1/128

[octoprint_compat]

[history]

[announcements]
subscriptions = 
	mainsail

[update_manager]
refresh_interval = 168
enable_auto_refresh = True

[update_manager mainsail]
type = web
channel = stable
repo = mainsail-crew/mainsail
path = ~/mainsail

[update_manager crowsnest]
type = git_repo
path = ~/crowsnest
origin = https://github.com/mainsail-crew/crowsnest.git
managed_services = crowsnest

[update_manager sonar]
type = git_repo
path = ~/sonar
origin = https://github.com/mainsail-crew/sonar.git
primary_branch = main
managed_services = sonar

[power mainpower]
type = gpio
pin = gpiochip0/gpio18
off_when_shutdown = true
restart_klipper_when_powered = true
initial_state = off
locked_while_printing = false
on_when_job_queued = false

#################################################################
All Configuration Files:
/home/pi/klipper_config/moonraker.conf
#################################################################
Unsafe Shutdown Count: 60

System Info:

***python***
  version: sys.version_info(major=3, minor=7, micro=3, releaselevel='final', serial=0)
  version_string: 3.7.3 (default, Jan 22 2021, 20:04:44)  [GCC 8.3.0]

***cpu_info***
  cpu_count: 4
  bits: 32bit
  processor: armv7l
  cpu_desc: ARMv7 Processor rev 3 (v7l)
  serial_number: 100000009514db42
  hardware_desc: BCM2711
  model: Raspberry Pi 4 Model B Rev 1.4
  total_memory: 7904580
  memory_units: kB

***sd_info***

***distribution***
  name: Raspbian GNU/Linux 10 (buster)
  id: raspbian
  version: 10
  version_parts: {'major': '10', 'minor': '', 'build_number': ''}
  like: debian
  codename: buster
  release_info: {'name': 'MainsailOS', 'version_id': '0.7.1', 'codename': 'buster', 'id': 'mainsailos'}

***virtualization***
  virt_type: none
  virt_identifier: none

***network***

***canbus***
libgpiod version: 1.2

Systemd unit moonraker.service:
unit_name: moonraker.service
is_default: True
Properties:
**Requires=['network-online.target', 'system.slice', '-.mount', 'sysinit.target']
**After=['network-online.target', '-.mount', 'basic.target', 'klipper.service', 'sysinit.target', 'systemd-journald.socket', 'system.slice']
**SupplementaryGroups=['moonraker-admin']
**EnvironmentFiles=/home/pi/printer_data/systemd/moonraker.env
**ExecStart=/home/pi/moonraker-env/bin/python $MOONRAKER_ARGS
**WorkingDirectory=/home/pi/moonraker
**FragmentPath=/etc/systemd/system/moonraker.service
**Description=API Server for Klipper SV1
**User=pi

Systemd unit klipper.service:
unit_name: klipper.service
is_default: True
Properties:
**Description=Starts Klipper and provides klippy Unix Domain Socket API
**ExecStart=/home/pi/klippy-env/bin/python /home/pi/klipper/klippy/klippy.py ${KLIPPER_CONFIG} -l ${KLIPPER_LOG} -a ${KLIPPER_SOCKET}
**FragmentPath=/etc/systemd/system/klipper.service
Klipper Version: v0.10.0-635-gcfb633a0
2023-01-02 02:57:46,144 [update_manager.py:refresh()] - Detected 30 package updates:
git
git-man
libarchive13
libgif7
libgssapi-krb5-2
libjs-jquery-ui
libk5crypto3
libkrb5-3
libkrb5support0
libksba8
libnginx-mod-http-auth-pam
libnginx-mod-http-dav-ext
libnginx-mod-http-echo
libnginx-mod-http-geoip
libnginx-mod-http-image-filter
libnginx-mod-http-subs-filter
libnginx-mod-http-upstream-fair
libnginx-mod-http-xslt-filter
libnginx-mod-mail
libnginx-mod-stream
libntfs-3g883
mplayer
nginx
nginx-common
nginx-full
nodejs
ntfs-3g
vim-common
vim-tiny
xxd
2023-01-02 02:57:46,165 [shell_command.py:_check_proc_success()] - Command (git -C /home/pi/moonraker status -u no) successfully finished
2023-01-02 02:57:46,182 [shell_command.py:_check_proc_success()] - Command (git -C /home/pi/moonraker config --get branch.master.remote) successfully finished
2023-01-02 02:57:46,197 [shell_command.py:_check_proc_success()] - Command (git -C /home/pi/moonraker remote get-url origin) successfully finished
2023-01-02 02:57:47,023 [shell_command.py:_check_proc_success()] - Command (git -C /home/pi/moonraker fetch origin --prune --progress) successfully finished
2023-01-02 02:57:47,044 [shell_command.py:_check_proc_success()] - Command (git -C /home/pi/moonraker merge-base --is-ancestor HEAD origin/master) successfully finished
2023-01-02 02:57:47,059 [shell_command.py:_check_proc_success()] - Command (git -C /home/pi/moonraker branch --list) successfully finished
2023-01-02 02:57:47,074 [shell_command.py:_check_proc_success()] - Command (git -C /home/pi/moonraker rev-parse HEAD) successfully finished
2023-01-02 02:57:47,129 [shell_command.py:_check_proc_success()] - Command (git -C /home/pi/moonraker describe --always --tags --long --dirty) successfully finished
2023-01-02 02:57:47,144 [shell_command.py:_check_proc_success()] - Command (git -C /home/pi/moonraker rev-parse origin/master) successfully finished
2023-01-02 02:57:47,196 [shell_command.py:_check_proc_success()] - Command (git -C /home/pi/moonraker describe origin/master --always --tags --long) successfully finished
2023-01-02 02:57:47,220 [shell_command.py:_check_proc_success()] - Command (git -C /home/pi/moonraker rev-list --tags --max-count=1) successfully finished
2023-01-02 02:57:47,242 [shell_command.py:_check_proc_success()] - Command (git -C /home/pi/moonraker describe --tags e20c12619bfb9504ef817fcde82752d47e52f145) successfully finished
2023-01-02 02:57:47,267 [shell_command.py:_check_proc_success()] - Command (git -C /home/pi/moonraker log 362bc1a3d3ad397416f7fc48b8efe33837428b90..origin/master --format="sha:%H%x1Dauthor:%an%x1Ddate:%ct%x1Dsubject:%s%x1Dmessage:%b%x1E" --max-count=100) successfully finished
2023-01-02 02:57:47,284 [shell_command.py:_check_proc_success()] - Command (git -C /home/pi/moonraker for-each-ref --count=10 --sort='-creatordate' --format='%(if)%(*objecttype)%(then)%(*objecttype) (*objectname)%(else)%(objecttype) %(objectname)%(end) %(refname)' 'refs/tags') successfully finished
2023-01-02 02:57:47,285 [git_deploy.py:log_repo_info()] - Git Repo moonraker Detected:
Owner: Arksine
Repository Name: moonraker
Path: /home/pi/moonraker
Remote: origin
Branch: master
Remote URL: https://github.com/Arksine/moonraker.git
Current Commit SHA: 362bc1a3d3ad397416f7fc48b8efe33837428b90
Upstream Commit SHA: e3bcfb5ea0a3256bdbe19855d20c4431b57cd398
Current Version: v0.7.1-773
Upstream Version: v0.7.1-791
Is Dirty: False
Is Detached: False
Commits Behind: 18
Tag Data: {}
Bound Repo: None
Diverged: False
2023-01-02 02:57:47,285 [base_deploy.py:log_info()] - Application moonraker: Channel: dev, Need Channel Update: False
2023-01-02 02:57:47,286 [base_deploy.py:log_info()] - Application moonraker: Validity check for git repo passed
2023-01-02 02:57:47,309 [shell_command.py:_check_proc_success()] - Command (git -C /home/pi/klipper status -u no) successfully finished
2023-01-02 02:57:47,324 [shell_command.py:_check_proc_success()] - Command (git -C /home/pi/klipper config --get branch.master.remote) successfully finished
2023-01-02 02:57:47,340 [shell_command.py:_check_proc_success()] - Command (git -C /home/pi/klipper remote get-url origin) successfully finished
2023-01-02 02:57:48,886 [shell_command.py:_check_proc_success()] - Command (git -C /home/pi/klipper fetch origin --prune --progress) successfully finished
2023-01-02 02:57:48,904 [shell_command.py:_check_proc_success()] - Command (git -C /home/pi/klipper merge-base --is-ancestor HEAD origin/master) successfully finished
2023-01-02 02:57:48,923 [shell_command.py:_check_proc_success()] - Command (git -C /home/pi/klipper branch --list) successfully finished
2023-01-02 02:57:48,940 [shell_command.py:_check_proc_success()] - Command (git -C /home/pi/klipper rev-parse HEAD) successfully finished
2023-01-02 02:57:49,059 [shell_command.py:_check_proc_success()] - Command (git -C /home/pi/klipper describe --always --tags --long --dirty) successfully finished
2023-01-02 02:57:49,076 [shell_command.py:_check_proc_success()] - Command (git -C /home/pi/klipper rev-parse origin/master) successfully finished
2023-01-02 02:57:49,221 [shell_command.py:_check_proc_success()] - Command (git -C /home/pi/klipper describe origin/master --always --tags --long) successfully finished
2023-01-02 02:57:49,241 [shell_command.py:_check_proc_success()] - Command (git -C /home/pi/klipper rev-list --tags --max-count=1) successfully finished
2023-01-02 02:57:49,261 [shell_command.py:_check_proc_success()] - Command (git -C /home/pi/klipper describe --tags e02b725602067a2cd098a62be9a4bb10fc74a9bd) successfully finished
2023-01-02 02:57:49,286 [shell_command.py:_check_proc_success()] - Command (git -C /home/pi/klipper log cfb633a0ecb21e855781c106fa37a214f3b9a0d3..origin/master --format="sha:%H%x1Dauthor:%an%x1Ddate:%ct%x1Dsubject:%s%x1Dmessage:%b%x1E" --max-count=100) successfully finished
2023-01-02 02:57:49,309 [shell_command.py:_check_proc_success()] - Command (git -C /home/pi/klipper for-each-ref --count=10 --sort='-creatordate' --format='%(if)%(*objecttype)%(then)%(*objecttype) (*objectname)%(else)%(objecttype) %(objectname)%(end) %(refname)' 'refs/tags') successfully finished
2023-01-02 02:57:49,310 [git_deploy.py:log_repo_info()] - Git Repo klipper Detected:
Owner: Klipper3d
Repository Name: klipper
Path: /home/pi/klipper
Remote: origin
Branch: master
Remote URL: https://github.com/Klipper3d/klipper.git
Current Commit SHA: cfb633a0ecb21e855781c106fa37a214f3b9a0d3
Upstream Commit SHA: 40d8c2ef1653ed59dc1d9fe4cb4e26b2e98a8967
Current Version: v0.10.0-635
Upstream Version: v0.11.0-52
Is Dirty: False
Is Detached: False
Commits Behind: 31
Tag Data: {}
Bound Repo: None
Diverged: False
2023-01-02 02:57:49,310 [base_deploy.py:log_info()] - Application klipper: Channel: dev, Need Channel Update: False
2023-01-02 02:57:49,310 [base_deploy.py:log_info()] - Application klipper: Validity check for git repo passed
2023-01-02 02:57:49,610 [update_manager.py:_get_remote_version()] - Github client Info Received:
Repo: mainsail
Local Version: v2.4.0
Remote Version: v2.4.1
Pre-release: False
url: https://github.com/mainsail-crew/mainsail/releases/download/v2.4.1/mainsail.zip
size: 2267577
Content Type: application/zip
2023-01-02 02:57:49,631 [shell_command.py:_check_proc_success()] - Command (git -C /home/pi/crowsnest status -u no) successfully finished
2023-01-02 02:57:49,646 [shell_command.py:_check_proc_success()] - Command (git -C /home/pi/crowsnest config --get branch.master.remote) successfully finished
2023-01-02 02:57:49,661 [shell_command.py:_check_proc_success()] - Command (git -C /home/pi/crowsnest remote get-url origin) successfully finished
2023-01-02 02:57:54,070 [shell_command.py:_check_proc_success()] - Command (git -C /home/pi/crowsnest fetch origin --prune --progress) successfully finished
2023-01-02 02:57:54,089 [shell_command.py:_check_proc_success()] - Command (git -C /home/pi/crowsnest merge-base --is-ancestor HEAD origin/master) successfully finished
2023-01-02 02:57:54,107 [shell_command.py:_check_proc_success()] - Command (git -C /home/pi/crowsnest branch --list) successfully finished
2023-01-02 02:57:54,122 [shell_command.py:_check_proc_success()] - Command (git -C /home/pi/crowsnest rev-parse HEAD) successfully finished
2023-01-02 02:57:54,144 [shell_command.py:_check_proc_success()] - Command (git -C /home/pi/crowsnest describe --always --tags --long --dirty) successfully finished
2023-01-02 02:57:54,159 [shell_command.py:_check_proc_success()] - Command (git -C /home/pi/crowsnest rev-parse origin/master) successfully finished
2023-01-02 02:57:54,179 [shell_command.py:_check_proc_success()] - Command (git -C /home/pi/crowsnest describe origin/master --always --tags --long) successfully finished
2023-01-02 02:57:54,198 [shell_command.py:_check_proc_success()] - Command (git -C /home/pi/crowsnest rev-list --tags --max-count=1) successfully finished
2023-01-02 02:57:54,215 [shell_command.py:_check_proc_success()] - Command (git -C /home/pi/crowsnest describe --tags 957207b44874a5c5faa76fed157197590b9dc43f) successfully finished
2023-01-02 02:57:54,240 [shell_command.py:_check_proc_success()] - Command (git -C /home/pi/crowsnest log df8a6962ef634d03de254f1358be2a2b9378c7cc..origin/master --format="sha:%H%x1Dauthor:%an%x1Ddate:%ct%x1Dsubject:%s%x1Dmessage:%b%x1E" --max-count=100) successfully finished
2023-01-02 02:57:54,267 [shell_command.py:_check_proc_success()] - Command (git -C /home/pi/crowsnest for-each-ref --count=10 --sort='-creatordate' --format='%(if)%(*objecttype)%(then)%(*objecttype) (*objectname)%(else)%(objecttype) %(objectname)%(end) %(refname)' 'refs/tags') successfully finished
2023-01-02 02:57:54,268 [git_deploy.py:log_repo_info()] - Git Repo crowsnest Detected:
Owner: mainsail-crew
Repository Name: crowsnest
Path: /home/pi/crowsnest
Remote: origin
Branch: master
Remote URL: https://github.com/mainsail-crew/crowsnest.git
Current Commit SHA: df8a6962ef634d03de254f1358be2a2b9378c7cc
Upstream Commit SHA: e21467358e09242de7e4f0826d2268c2e6f5e936
Current Version: v3.0.3-9
Upstream Version: v3.0.6-16
Is Dirty: False
Is Detached: False
Commits Behind: 26
Tag Data: {}
Bound Repo: None
Diverged: False
2023-01-02 02:57:54,268 [base_deploy.py:log_info()] - Application crowsnest: Channel: dev, Need Channel Update: False
2023-01-02 02:57:54,268 [base_deploy.py:log_info()] - Application crowsnest: Validity check for git repo passed
2023-01-02 02:57:54,301 [shell_command.py:_check_proc_success()] - Command (git -C /home/pi/sonar status -u no) successfully finished
2023-01-02 02:57:54,321 [shell_command.py:_check_proc_success()] - Command (git -C /home/pi/sonar config --get branch.main.remote) successfully finished
2023-01-02 02:57:54,336 [shell_command.py:_check_proc_success()] - Command (git -C /home/pi/sonar remote get-url origin) successfully finished
2023-01-02 02:57:54,795 [shell_command.py:_check_proc_success()] - Command (git -C /home/pi/sonar fetch origin --prune --progress) successfully finished
2023-01-02 02:57:54,811 [shell_command.py:_check_proc_success()] - Command (git -C /home/pi/sonar merge-base --is-ancestor HEAD origin/main) successfully finished
2023-01-02 02:57:54,827 [shell_command.py:_check_proc_success()] - Command (git -C /home/pi/sonar branch --list) successfully finished
2023-01-02 02:57:54,843 [shell_command.py:_check_proc_success()] - Command (git -C /home/pi/sonar rev-parse HEAD) successfully finished
2023-01-02 02:57:54,861 [shell_command.py:_check_proc_success()] - Command (git -C /home/pi/sonar describe --always --tags --long --dirty) successfully finished
2023-01-02 02:57:54,877 [shell_command.py:_check_proc_success()] - Command (git -C /home/pi/sonar rev-parse origin/main) successfully finished
2023-01-02 02:57:54,895 [shell_command.py:_check_proc_success()] - Command (git -C /home/pi/sonar describe origin/main --always --tags --long) successfully finished
2023-01-02 02:57:54,911 [shell_command.py:_check_proc_success()] - Command (git -C /home/pi/sonar rev-list --tags --max-count=1) successfully finished
2023-01-02 02:57:54,927 [shell_command.py:_check_proc_success()] - Command (git -C /home/pi/sonar describe --tags 0afc14b9b8b6e438eb449029b2df8f2a5eed42f1) successfully finished
2023-01-02 02:57:54,928 [git_deploy.py:log_repo_info()] - Git Repo sonar Detected:
Owner: mainsail-crew
Repository Name: sonar
Path: /home/pi/sonar
Remote: origin
Branch: main
Remote URL: https://github.com/mainsail-crew/sonar.git
Current Commit SHA: 0ce6c6fc93780ef776fbc45c216336be03c8d907
Upstream Commit SHA: 0ce6c6fc93780ef776fbc45c216336be03c8d907
Current Version: v0.0.2-25
Upstream Version: v0.0.2-25
Is Dirty: False
Is Detached: False
Commits Behind: 0
Tag Data: {}
Bound Repo: None
Diverged: False
2023-01-02 02:57:54,928 [base_deploy.py:log_info()] - Application sonar: Channel: dev, Need Channel Update: False
2023-01-02 02:57:54,928 [base_deploy.py:log_info()] - Application sonar: Validity check for git repo passed
